2014-08-20 22:51:43,747 [main] ERROR StackTrace  - Full Stack Trace:
java.lang.IllegalStateException: Method on class [testviews.User] was used outside of a Grails application. If running in the context of a test using the mocking API or bootstrap Grails correctly.
	at testviews.MessageSpec.test something(MessageSpec.groovy:23)
2014-08-20 22:51:43,749 [main] ERROR StackTrace  - Full Stack Trace:
java.lang.IllegalStateException: Method on class [testviews.User] was used outside of a Grails application. If running in the context of a test using the mocking API or bootstrap Grails correctly.
	at testviews.MessageSpec.test something(MessageSpec.groovy:23)
2014-08-20 22:51:43,749 [main] ERROR StackTrace  - Full Stack Trace:
java.lang.IllegalStateException: Method on class [testviews.User] was used outside of a Grails application. If running in the context of a test using the mocking API or bootstrap Grails correctly.
	at testviews.MessageSpec.test something(MessageSpec.groovy:23)
2014-08-20 22:51:43,749 [main] ERROR StackTrace  - Full Stack Trace:
java.lang.IllegalStateException: Method on class [testviews.User] was used outside of a Grails application. If running in the context of a test using the mocking API or bootstrap Grails correctly.
	at testviews.MessageSpec.test something(MessageSpec.groovy:23)
2014-08-20 22:51:43,768 [main] ERROR StackTrace  - Full Stack Trace:
java.lang.IllegalStateException: Method on class [testviews.User] was used outside of a Grails application. If running in the context of a test using the mocking API or bootstrap Grails correctly.
	at testviews.MessageSpec.test something(MessageSpec.groovy:23)
2014-08-20 22:51:43,768 [main] ERROR StackTrace  - Full Stack Trace:
java.lang.IllegalStateException: Method on class [testviews.User] was used outside of a Grails application. If running in the context of a test using the mocking API or bootstrap Grails correctly.
	at testviews.MessageSpec.test something(MessageSpec.groovy:23)
2014-08-20 22:51:50,635 [main] ERROR StackTrace  - Full Stack Trace:
java.lang.IllegalStateException: Method on class [testviews.User] was used outside of a Grails application. If running in the context of a test using the mocking API or bootstrap Grails correctly.
	at testviews.MessageSpec.test something(MessageSpec.groovy:23)
2014-08-20 22:51:50,635 [main] ERROR StackTrace  - Full Stack Trace:
java.lang.IllegalStateException: Method on class [testviews.User] was used outside of a Grails application. If running in the context of a test using the mocking API or bootstrap Grails correctly.
	at testviews.MessageSpec.test something(MessageSpec.groovy:23)
2014-08-20 22:51:50,635 [main] ERROR StackTrace  - Full Stack Trace:
java.lang.IllegalStateException: Method on class [testviews.User] was used outside of a Grails application. If running in the context of a test using the mocking API or bootstrap Grails correctly.
	at testviews.MessageSpec.test something(MessageSpec.groovy:23)
2014-08-20 22:51:50,635 [main] ERROR StackTrace  - Full Stack Trace:
java.lang.IllegalStateException: Method on class [testviews.User] was used outside of a Grails application. If running in the context of a test using the mocking API or bootstrap Grails correctly.
	at testviews.MessageSpec.test something(MessageSpec.groovy:23)
2014-08-20 22:51:50,635 [main] ERROR StackTrace  - Full Stack Trace:
java.lang.IllegalStateException: Method on class [testviews.User] was used outside of a Grails application. If running in the context of a test using the mocking API or bootstrap Grails correctly.
	at testviews.MessageSpec.test something(MessageSpec.groovy:23)
2014-08-20 22:51:50,636 [main] ERROR StackTrace  - Full Stack Trace:
java.lang.IllegalStateException: Method on class [testviews.User] was used outside of a Grails application. If running in the context of a test using the mocking API or bootstrap Grails correctly.
	at testviews.MessageSpec.test something(MessageSpec.groovy:23)
2014-08-20 22:52:31,897 [main] ERROR StackTrace  - Full Stack Trace:
java.lang.IllegalStateException: Method on class [testviews.User] was used outside of a Grails application. If running in the context of a test using the mocking API or bootstrap Grails correctly.
	at testviews.MessageSpec.test something(MessageSpec.groovy:23)
2014-08-20 22:52:31,899 [main] ERROR StackTrace  - Full Stack Trace:
java.lang.IllegalStateException: Method on class [testviews.User] was used outside of a Grails application. If running in the context of a test using the mocking API or bootstrap Grails correctly.
	at testviews.MessageSpec.test something(MessageSpec.groovy:23)
2014-08-20 22:52:31,900 [main] ERROR StackTrace  - Full Stack Trace:
java.lang.IllegalStateException: Method on class [testviews.User] was used outside of a Grails application. If running in the context of a test using the mocking API or bootstrap Grails correctly.
	at testviews.MessageSpec.test something(MessageSpec.groovy:23)
2014-08-20 22:52:31,900 [main] ERROR StackTrace  - Full Stack Trace:
java.lang.IllegalStateException: Method on class [testviews.User] was used outside of a Grails application. If running in the context of a test using the mocking API or bootstrap Grails correctly.
	at testviews.MessageSpec.test something(MessageSpec.groovy:23)
2014-08-20 22:52:31,909 [main] ERROR StackTrace  - Full Stack Trace:
java.lang.IllegalStateException: Method on class [testviews.User] was used outside of a Grails application. If running in the context of a test using the mocking API or bootstrap Grails correctly.
	at testviews.MessageSpec.test something(MessageSpec.groovy:23)
2014-08-20 22:52:31,910 [main] ERROR StackTrace  - Full Stack Trace:
java.lang.IllegalStateException: Method on class [testviews.User] was used outside of a Grails application. If running in the context of a test using the mocking API or bootstrap Grails correctly.
	at testviews.MessageSpec.test something(MessageSpec.groovy:23)
2014-08-20 22:53:00,005 [main] ERROR StackTrace  - Full Stack Trace:
groovy.lang.MissingMethodException: No signature of method: testviews.Message.addToViewees() is applicable for argument types: (testviews.User) values: [testviews.User : 1]
Possible solutions: getViewees()
	at testviews.MessageSpec.test something(MessageSpec.groovy:31)
2014-08-20 22:53:00,049 [main] ERROR StackTrace  - Full Stack Trace:
groovy.lang.MissingMethodException: No signature of method: testviews.Message.addToViewees() is applicable for argument types: (testviews.User) values: [testviews.User : 1]
Possible solutions: getViewees()
	at testviews.MessageSpec.test something(MessageSpec.groovy:31)
2014-08-20 22:53:00,128 [main] ERROR StackTrace  - Full Stack Trace:
groovy.lang.MissingMethodException: No signature of method: testviews.Message.addToViewees() is applicable for argument types: (testviews.User) values: [testviews.User : 1]
Possible solutions: getViewees()
	at testviews.MessageSpec.test something(MessageSpec.groovy:31)
2014-08-20 22:53:00,166 [main] ERROR StackTrace  - Full Stack Trace:
groovy.lang.MissingMethodException: No signature of method: testviews.Message.addToViewees() is applicable for argument types: (testviews.User) values: [testviews.User : 1]
Possible solutions: getViewees()
	at testviews.MessageSpec.test something(MessageSpec.groovy:31)
2014-08-20 22:53:00,318 [main] ERROR StackTrace  - Full Stack Trace:
groovy.lang.MissingMethodException: No signature of method: testviews.Message.addToViewees() is applicable for argument types: (testviews.User) values: [testviews.User : 1]
Possible solutions: getViewees()
	at testviews.MessageSpec.test something(MessageSpec.groovy:31)
2014-08-20 22:53:00,338 [main] ERROR StackTrace  - Full Stack Trace:
groovy.lang.MissingMethodException: No signature of method: testviews.Message.addToViewees() is applicable for argument types: (testviews.User) values: [testviews.User : 1]
Possible solutions: getViewees()
	at testviews.MessageSpec.test something(MessageSpec.groovy:31)
2014-08-20 22:53:04,805 [main] ERROR StackTrace  - Full Stack Trace:
groovy.lang.MissingMethodException: No signature of method: testviews.Message.addToViewees() is applicable for argument types: (testviews.User) values: [testviews.User : 1]
Possible solutions: getViewees()
	at testviews.MessageSpec.test something(MessageSpec.groovy:31)
2014-08-20 22:53:04,807 [main] ERROR StackTrace  - Full Stack Trace:
groovy.lang.MissingMethodException: No signature of method: testviews.Message.addToViewees() is applicable for argument types: (testviews.User) values: [testviews.User : 1]
Possible solutions: getViewees()
	at testviews.MessageSpec.test something(MessageSpec.groovy:31)
2014-08-20 22:53:04,809 [main] ERROR StackTrace  - Full Stack Trace:
groovy.lang.MissingMethodException: No signature of method: testviews.Message.addToViewees() is applicable for argument types: (testviews.User) values: [testviews.User : 1]
Possible solutions: getViewees()
	at testviews.MessageSpec.test something(MessageSpec.groovy:31)
2014-08-20 22:53:04,810 [main] ERROR StackTrace  - Full Stack Trace:
groovy.lang.MissingMethodException: No signature of method: testviews.Message.addToViewees() is applicable for argument types: (testviews.User) values: [testviews.User : 1]
Possible solutions: getViewees()
	at testviews.MessageSpec.test something(MessageSpec.groovy:31)
2014-08-20 22:53:04,814 [main] ERROR StackTrace  - Full Stack Trace:
groovy.lang.MissingMethodException: No signature of method: testviews.Message.addToViewees() is applicable for argument types: (testviews.User) values: [testviews.User : 1]
Possible solutions: getViewees()
	at testviews.MessageSpec.test something(MessageSpec.groovy:31)
2014-08-20 22:53:04,816 [main] ERROR StackTrace  - Full Stack Trace:
groovy.lang.MissingMethodException: No signature of method: testviews.Message.addToViewees() is applicable for argument types: (testviews.User) values: [testviews.User : 1]
Possible solutions: getViewees()
	at testviews.MessageSpec.test something(MessageSpec.groovy:31)
2014-08-20 22:54:02,868 [main] ERROR StackTrace  - Full Stack Trace:
groovy.lang.MissingMethodException: No signature of method: testviews.Message.addToViewees() is applicable for argument types: (testviews.UserDomain) values: [testviews.UserDomain : 1]
Possible solutions: getViewees()
	at testviews.MessageSpec.test something(MessageSpec.groovy:31)
2014-08-20 22:54:02,869 [main] ERROR StackTrace  - Full Stack Trace:
groovy.lang.MissingMethodException: No signature of method: testviews.Message.addToViewees() is applicable for argument types: (testviews.UserDomain) values: [testviews.UserDomain : 1]
Possible solutions: getViewees()
	at testviews.MessageSpec.test something(MessageSpec.groovy:31)
2014-08-20 22:54:02,870 [main] ERROR StackTrace  - Full Stack Trace:
groovy.lang.MissingMethodException: No signature of method: testviews.Message.addToViewees() is applicable for argument types: (testviews.UserDomain) values: [testviews.UserDomain : 1]
Possible solutions: getViewees()
	at testviews.MessageSpec.test something(MessageSpec.groovy:31)
2014-08-20 22:54:02,871 [main] ERROR StackTrace  - Full Stack Trace:
groovy.lang.MissingMethodException: No signature of method: testviews.Message.addToViewees() is applicable for argument types: (testviews.UserDomain) values: [testviews.UserDomain : 1]
Possible solutions: getViewees()
	at testviews.MessageSpec.test something(MessageSpec.groovy:31)
2014-08-20 22:54:02,873 [main] ERROR StackTrace  - Full Stack Trace:
groovy.lang.MissingMethodException: No signature of method: testviews.Message.addToViewees() is applicable for argument types: (testviews.UserDomain) values: [testviews.UserDomain : 1]
Possible solutions: getViewees()
	at testviews.MessageSpec.test something(MessageSpec.groovy:31)
2014-08-20 22:54:02,874 [main] ERROR StackTrace  - Full Stack Trace:
groovy.lang.MissingMethodException: No signature of method: testviews.Message.addToViewees() is applicable for argument types: (testviews.UserDomain) values: [testviews.UserDomain : 1]
Possible solutions: getViewees()
	at testviews.MessageSpec.test something(MessageSpec.groovy:31)
2014-08-20 22:55:09,560 [main] ERROR StackTrace  - Full Stack Trace:
groovy.lang.MissingMethodException: No signature of method: testviews.Message.addToViewees() is applicable for argument types: (testviews.UserDomain) values: [testviews.UserDomain : 1]
Possible solutions: getViewees()
	at testviews.MessageSpec.test something(MessageSpec.groovy:31)
2014-08-20 22:55:09,561 [main] ERROR StackTrace  - Full Stack Trace:
groovy.lang.MissingMethodException: No signature of method: testviews.Message.addToViewees() is applicable for argument types: (testviews.UserDomain) values: [testviews.UserDomain : 1]
Possible solutions: getViewees()
	at testviews.MessageSpec.test something(MessageSpec.groovy:31)
2014-08-20 22:55:09,562 [main] ERROR StackTrace  - Full Stack Trace:
groovy.lang.MissingMethodException: No signature of method: testviews.Message.addToViewees() is applicable for argument types: (testviews.UserDomain) values: [testviews.UserDomain : 1]
Possible solutions: getViewees()
	at testviews.MessageSpec.test something(MessageSpec.groovy:31)
2014-08-20 22:55:09,563 [main] ERROR StackTrace  - Full Stack Trace:
groovy.lang.MissingMethodException: No signature of method: testviews.Message.addToViewees() is applicable for argument types: (testviews.UserDomain) values: [testviews.UserDomain : 1]
Possible solutions: getViewees()
	at testviews.MessageSpec.test something(MessageSpec.groovy:31)
2014-08-20 22:55:09,566 [main] ERROR StackTrace  - Full Stack Trace:
groovy.lang.MissingMethodException: No signature of method: testviews.Message.addToViewees() is applicable for argument types: (testviews.UserDomain) values: [testviews.UserDomain : 1]
Possible solutions: getViewees()
	at testviews.MessageSpec.test something(MessageSpec.groovy:31)
2014-08-20 22:55:09,566 [main] ERROR StackTrace  - Full Stack Trace:
groovy.lang.MissingMethodException: No signature of method: testviews.Message.addToViewees() is applicable for argument types: (testviews.UserDomain) values: [testviews.UserDomain : 1]
Possible solutions: getViewees()
	at testviews.MessageSpec.test something(MessageSpec.groovy:31)
2014-08-20 22:56:15,357 [main] ERROR StackTrace  - Full Stack Trace:
groovy.lang.MissingMethodException: No signature of method: testviews.Message.addToViewees() is applicable for argument types: (testviews.UserDomain) values: [testviews.UserDomain : 1]
Possible solutions: getViewees()
	at testviews.MessageSpec.test something(MessageSpec.groovy:31)
2014-08-20 22:56:15,449 [main] ERROR StackTrace  - Full Stack Trace:
groovy.lang.MissingMethodException: No signature of method: testviews.Message.addToViewees() is applicable for argument types: (testviews.UserDomain) values: [testviews.UserDomain : 1]
Possible solutions: getViewees()
	at testviews.MessageSpec.test something(MessageSpec.groovy:31)
2014-08-20 22:56:15,545 [main] ERROR StackTrace  - Full Stack Trace:
groovy.lang.MissingMethodException: No signature of method: testviews.Message.addToViewees() is applicable for argument types: (testviews.UserDomain) values: [testviews.UserDomain : 1]
Possible solutions: getViewees()
	at testviews.MessageSpec.test something(MessageSpec.groovy:31)
2014-08-20 22:56:15,584 [main] ERROR StackTrace  - Full Stack Trace:
groovy.lang.MissingMethodException: No signature of method: testviews.Message.addToViewees() is applicable for argument types: (testviews.UserDomain) values: [testviews.UserDomain : 1]
Possible solutions: getViewees()
	at testviews.MessageSpec.test something(MessageSpec.groovy:31)
2014-08-20 22:56:15,726 [main] ERROR StackTrace  - Full Stack Trace:
groovy.lang.MissingMethodException: No signature of method: testviews.Message.addToViewees() is applicable for argument types: (testviews.UserDomain) values: [testviews.UserDomain : 1]
Possible solutions: getViewees()
	at testviews.MessageSpec.test something(MessageSpec.groovy:31)
2014-08-20 22:56:15,728 [main] ERROR StackTrace  - Full Stack Trace:
groovy.lang.MissingMethodException: No signature of method: testviews.Message.addToViewees() is applicable for argument types: (testviews.UserDomain) values: [testviews.UserDomain : 1]
Possible solutions: getViewees()
	at testviews.MessageSpec.test something(MessageSpec.groovy:31)
2014-08-20 22:57:12,489 [main] ERROR StackTrace  - Full Stack Trace:
groovy.lang.MissingMethodException: No signature of method: testviews.Message.addToViewees() is applicable for argument types: (testviews.UserDomain) values: [testviews.UserDomain : 1]
Possible solutions: getViewees()
	at testviews.MessageSpec.test something(MessageSpec.groovy:31)
2014-08-20 22:57:12,556 [main] ERROR StackTrace  - Full Stack Trace:
groovy.lang.MissingMethodException: No signature of method: testviews.Message.addToViewees() is applicable for argument types: (testviews.UserDomain) values: [testviews.UserDomain : 1]
Possible solutions: getViewees()
	at testviews.MessageSpec.test something(MessageSpec.groovy:31)
2014-08-20 22:57:12,679 [main] ERROR StackTrace  - Full Stack Trace:
groovy.lang.MissingMethodException: No signature of method: testviews.Message.addToViewees() is applicable for argument types: (testviews.UserDomain) values: [testviews.UserDomain : 1]
Possible solutions: getViewees()
	at testviews.MessageSpec.test something(MessageSpec.groovy:31)
2014-08-20 22:57:12,740 [main] ERROR StackTrace  - Full Stack Trace:
groovy.lang.MissingMethodException: No signature of method: testviews.Message.addToViewees() is applicable for argument types: (testviews.UserDomain) values: [testviews.UserDomain : 1]
Possible solutions: getViewees()
	at testviews.MessageSpec.test something(MessageSpec.groovy:31)
2014-08-20 22:57:12,989 [main] ERROR StackTrace  - Full Stack Trace:
groovy.lang.MissingMethodException: No signature of method: testviews.Message.addToViewees() is applicable for argument types: (testviews.UserDomain) values: [testviews.UserDomain : 1]
Possible solutions: getViewees()
	at testviews.MessageSpec.test something(MessageSpec.groovy:31)
2014-08-20 22:57:13,050 [main] ERROR StackTrace  - Full Stack Trace:
groovy.lang.MissingMethodException: No signature of method: testviews.Message.addToViewees() is applicable for argument types: (testviews.UserDomain) values: [testviews.UserDomain : 1]
Possible solutions: getViewees()
	at testviews.MessageSpec.test something(MessageSpec.groovy:31)
2014-08-20 22:58:24,566 [main] ERROR StackTrace  - Full Stack Trace:
groovy.lang.MissingMethodException: No signature of method: testviews.Message.addToViews() is applicable for argument types: (testviews.UserDomain) values: [testviews.UserDomain : 1]
Possible solutions: getViews()
	at testviews.MessageSpec.test something(MessageSpec.groovy:31)
2014-08-20 22:58:24,608 [main] ERROR StackTrace  - Full Stack Trace:
groovy.lang.MissingMethodException: No signature of method: testviews.Message.addToViews() is applicable for argument types: (testviews.UserDomain) values: [testviews.UserDomain : 1]
Possible solutions: getViews()
	at testviews.MessageSpec.test something(MessageSpec.groovy:31)
2014-08-20 22:58:24,673 [main] ERROR StackTrace  - Full Stack Trace:
groovy.lang.MissingMethodException: No signature of method: testviews.Message.addToViews() is applicable for argument types: (testviews.UserDomain) values: [testviews.UserDomain : 1]
Possible solutions: getViews()
	at testviews.MessageSpec.test something(MessageSpec.groovy:31)
2014-08-20 22:58:24,705 [main] ERROR StackTrace  - Full Stack Trace:
groovy.lang.MissingMethodException: No signature of method: testviews.Message.addToViews() is applicable for argument types: (testviews.UserDomain) values: [testviews.UserDomain : 1]
Possible solutions: getViews()
	at testviews.MessageSpec.test something(MessageSpec.groovy:31)
2014-08-20 22:58:24,854 [main] ERROR StackTrace  - Full Stack Trace:
groovy.lang.MissingMethodException: No signature of method: testviews.Message.addToViews() is applicable for argument types: (testviews.UserDomain) values: [testviews.UserDomain : 1]
Possible solutions: getViews()
	at testviews.MessageSpec.test something(MessageSpec.groovy:31)
2014-08-20 22:58:24,886 [main] ERROR StackTrace  - Full Stack Trace:
groovy.lang.MissingMethodException: No signature of method: testviews.Message.addToViews() is applicable for argument types: (testviews.UserDomain) values: [testviews.UserDomain : 1]
Possible solutions: getViews()
	at testviews.MessageSpec.test something(MessageSpec.groovy:31)
2014-08-20 22:59:31,229 [main] ERROR StackTrace  - Full Stack Trace:
groovy.lang.MissingMethodException: No signature of method: testviews.Message.addToViews() is applicable for argument types: (testviews.UserDomain) values: [testviews.UserDomain : 1]
Possible solutions: getViews()
	at testviews.MessageSpec.test something(MessageSpec.groovy:31)
2014-08-20 22:59:31,307 [main] ERROR StackTrace  - Full Stack Trace:
groovy.lang.MissingMethodException: No signature of method: testviews.Message.addToViews() is applicable for argument types: (testviews.UserDomain) values: [testviews.UserDomain : 1]
Possible solutions: getViews()
	at testviews.MessageSpec.test something(MessageSpec.groovy:31)
2014-08-20 22:59:31,425 [main] ERROR StackTrace  - Full Stack Trace:
groovy.lang.MissingMethodException: No signature of method: testviews.Message.addToViews() is applicable for argument types: (testviews.UserDomain) values: [testviews.UserDomain : 1]
Possible solutions: getViews()
	at testviews.MessageSpec.test something(MessageSpec.groovy:31)
2014-08-20 22:59:31,482 [main] ERROR StackTrace  - Full Stack Trace:
groovy.lang.MissingMethodException: No signature of method: testviews.Message.addToViews() is applicable for argument types: (testviews.UserDomain) values: [testviews.UserDomain : 1]
Possible solutions: getViews()
	at testviews.MessageSpec.test something(MessageSpec.groovy:31)
2014-08-20 22:59:31,700 [main] ERROR StackTrace  - Full Stack Trace:
groovy.lang.MissingMethodException: No signature of method: testviews.Message.addToViews() is applicable for argument types: (testviews.UserDomain) values: [testviews.UserDomain : 1]
Possible solutions: getViews()
	at testviews.MessageSpec.test something(MessageSpec.groovy:31)
2014-08-20 22:59:31,757 [main] ERROR StackTrace  - Full Stack Trace:
groovy.lang.MissingMethodException: No signature of method: testviews.Message.addToViews() is applicable for argument types: (testviews.UserDomain) values: [testviews.UserDomain : 1]
Possible solutions: getViews()
	at testviews.MessageSpec.test something(MessageSpec.groovy:31)
2014-08-20 23:00:33,556 [main] ERROR StackTrace  - Full Stack Trace:
java.lang.NullPointerException: Cannot invoke method leftShift() on null object
	at testviews.MessageSpec.test something(MessageSpec.groovy:31)
2014-08-20 23:00:33,556 [main] ERROR StackTrace  - Full Stack Trace:
java.lang.NullPointerException: Cannot invoke method leftShift() on null object
	at testviews.MessageSpec.test something(MessageSpec.groovy:31)
2014-08-20 23:00:33,556 [main] ERROR StackTrace  - Full Stack Trace:
java.lang.NullPointerException: Cannot invoke method leftShift() on null object
	at testviews.MessageSpec.test something(MessageSpec.groovy:31)
2014-08-20 23:00:33,556 [main] ERROR StackTrace  - Full Stack Trace:
java.lang.NullPointerException: Cannot invoke method leftShift() on null object
	at testviews.MessageSpec.test something(MessageSpec.groovy:31)
2014-08-20 23:00:33,557 [main] ERROR StackTrace  - Full Stack Trace:
java.lang.NullPointerException: Cannot invoke method leftShift() on null object
	at testviews.MessageSpec.test something(MessageSpec.groovy:31)
2014-08-20 23:00:33,557 [main] ERROR StackTrace  - Full Stack Trace:
java.lang.NullPointerException: Cannot invoke method leftShift() on null object
	at testviews.MessageSpec.test something(MessageSpec.groovy:31)
2014-08-20 23:05:21,753 [main] ERROR StackTrace  - Full Stack Trace:
java.lang.NullPointerException: Cannot invoke method leftShift() on null object
	at testviews.MyMessageSpec.test something(MyMessageSpec.groovy:31)
2014-08-20 23:05:21,754 [main] ERROR StackTrace  - Full Stack Trace:
java.lang.NullPointerException: Cannot invoke method leftShift() on null object
	at testviews.MyMessageSpec.test something(MyMessageSpec.groovy:31)
2014-08-20 23:05:21,754 [main] ERROR StackTrace  - Full Stack Trace:
java.lang.NullPointerException: Cannot invoke method leftShift() on null object
	at testviews.MyMessageSpec.test something(MyMessageSpec.groovy:31)
2014-08-20 23:05:21,754 [main] ERROR StackTrace  - Full Stack Trace:
java.lang.NullPointerException: Cannot invoke method leftShift() on null object
	at testviews.MyMessageSpec.test something(MyMessageSpec.groovy:31)
2014-08-20 23:05:21,754 [main] ERROR StackTrace  - Full Stack Trace:
java.lang.NullPointerException: Cannot invoke method leftShift() on null object
	at testviews.MyMessageSpec.test something(MyMessageSpec.groovy:31)
2014-08-20 23:05:21,754 [main] ERROR StackTrace  - Full Stack Trace:
java.lang.NullPointerException: Cannot invoke method leftShift() on null object
	at testviews.MyMessageSpec.test something(MyMessageSpec.groovy:31)
2014-08-20 23:06:04,567 [main] ERROR StackTrace  - Full Stack Trace:
groovy.lang.MissingMethodException: No signature of method: testviews.MyMessage.addToViews() is applicable for argument types: (testviews.UserDomain) values: [testviews.UserDomain : 1]
Possible solutions: getViews()
	at testviews.MyMessageSpec.test something(MyMessageSpec.groovy:31)
2014-08-20 23:06:04,569 [main] ERROR StackTrace  - Full Stack Trace:
groovy.lang.MissingMethodException: No signature of method: testviews.MyMessage.addToViews() is applicable for argument types: (testviews.UserDomain) values: [testviews.UserDomain : 1]
Possible solutions: getViews()
	at testviews.MyMessageSpec.test something(MyMessageSpec.groovy:31)
2014-08-20 23:06:04,571 [main] ERROR StackTrace  - Full Stack Trace:
groovy.lang.MissingMethodException: No signature of method: testviews.MyMessage.addToViews() is applicable for argument types: (testviews.UserDomain) values: [testviews.UserDomain : 1]
Possible solutions: getViews()
	at testviews.MyMessageSpec.test something(MyMessageSpec.groovy:31)
2014-08-20 23:06:04,572 [main] ERROR StackTrace  - Full Stack Trace:
groovy.lang.MissingMethodException: No signature of method: testviews.MyMessage.addToViews() is applicable for argument types: (testviews.UserDomain) values: [testviews.UserDomain : 1]
Possible solutions: getViews()
	at testviews.MyMessageSpec.test something(MyMessageSpec.groovy:31)
2014-08-20 23:06:04,576 [main] ERROR StackTrace  - Full Stack Trace:
groovy.lang.MissingMethodException: No signature of method: testviews.MyMessage.addToViews() is applicable for argument types: (testviews.UserDomain) values: [testviews.UserDomain : 1]
Possible solutions: getViews()
	at testviews.MyMessageSpec.test something(MyMessageSpec.groovy:31)
2014-08-20 23:06:04,577 [main] ERROR StackTrace  - Full Stack Trace:
groovy.lang.MissingMethodException: No signature of method: testviews.MyMessage.addToViews() is applicable for argument types: (testviews.UserDomain) values: [testviews.UserDomain : 1]
Possible solutions: getViews()
	at testviews.MyMessageSpec.test something(MyMessageSpec.groovy:31)
2014-08-20 23:07:36,080 [main] ERROR StackTrace  - Full Stack Trace:
java.lang.UnsupportedOperationException: String-based queries like [executeQuery] are currently not supported in this implementation of GORM. Use criteria instead.
	at org.grails.datastore.gorm.GormStaticApi.unsupported(GormStaticApi.groovy:948)
	at org.grails.datastore.gorm.GormStaticApi.executeQuery(GormStaticApi.groovy:872)
	at testviews.UserDomain$$EOnYAaYK.findUnseenMessageForUser(UserDomain.groovy:11)
	at org.springsource.loaded.ri.ReloadedTypeInvoker$1.invoke(ReloadedTypeInvoker.java:105)
	at org.springsource.loaded.ri.ReflectiveInterceptor.jlrMethodInvoke(ReflectiveInterceptor.java:1299)
	at testviews.MyMessageSpec.test something(MyMessageSpec.groovy:42)
2014-08-20 23:07:36,080 [main] ERROR StackTrace  - Full Stack Trace:
java.lang.UnsupportedOperationException: String-based queries like [executeQuery] are currently not supported in this implementation of GORM. Use criteria instead.
	at org.grails.datastore.gorm.GormStaticApi.unsupported(GormStaticApi.groovy:948)
	at org.grails.datastore.gorm.GormStaticApi.executeQuery(GormStaticApi.groovy:872)
	at testviews.UserDomain$$EOnYAaYK.findUnseenMessageForUser(UserDomain.groovy:11)
	at testviews.MyMessageSpec.test something(MyMessageSpec.groovy:42)
2014-08-20 23:07:36,080 [main] ERROR StackTrace  - Full Stack Trace:
java.lang.UnsupportedOperationException: String-based queries like [executeQuery] are currently not supported in this implementation of GORM. Use criteria instead.
	at org.grails.datastore.gorm.GormStaticApi.unsupported(GormStaticApi.groovy:948)
	at org.grails.datastore.gorm.GormStaticApi.executeQuery(GormStaticApi.groovy:872)
	at testviews.UserDomain$$EOnYAaYK.findUnseenMessageForUser(UserDomain.groovy:11)
	at testviews.MyMessageSpec.test something(MyMessageSpec.groovy:42)
2014-08-20 23:07:36,080 [main] ERROR StackTrace  - Full Stack Trace:
java.lang.UnsupportedOperationException: String-based queries like [executeQuery] are currently not supported in this implementation of GORM. Use criteria instead.
	at org.grails.datastore.gorm.GormStaticApi.unsupported(GormStaticApi.groovy:948)
	at org.grails.datastore.gorm.GormStaticApi.executeQuery(GormStaticApi.groovy:872)
	at testviews.UserDomain$$EOnYAaYK.findUnseenMessageForUser(UserDomain.groovy:11)
	at testviews.MyMessageSpec.test something(MyMessageSpec.groovy:42)
2014-08-20 23:07:36,081 [main] ERROR StackTrace  - Full Stack Trace:
java.lang.UnsupportedOperationException: String-based queries like [executeQuery] are currently not supported in this implementation of GORM. Use criteria instead.
	at org.grails.datastore.gorm.GormStaticApi.unsupported(GormStaticApi.groovy:948)
	at org.grails.datastore.gorm.GormStaticApi.executeQuery(GormStaticApi.groovy:872)
	at testviews.UserDomain$$EOnYAaYK.findUnseenMessageForUser(UserDomain.groovy:11)
	at testviews.MyMessageSpec.test something(MyMessageSpec.groovy:42)
2014-08-20 23:07:36,081 [main] ERROR StackTrace  - Full Stack Trace:
java.lang.UnsupportedOperationException: String-based queries like [executeQuery] are currently not supported in this implementation of GORM. Use criteria instead.
	at org.grails.datastore.gorm.GormStaticApi.unsupported(GormStaticApi.groovy:948)
	at org.grails.datastore.gorm.GormStaticApi.executeQuery(GormStaticApi.groovy:872)
	at testviews.UserDomain$$EOnYAaYK.findUnseenMessageForUser(UserDomain.groovy:11)
	at testviews.MyMessageSpec.test something(MyMessageSpec.groovy:42)
2014-08-20 23:08:48,154 [main] ERROR StackTrace  - Full Stack Trace:
org.springframework.orm.hibernate4.HibernateQueryException: could not resolve property: viewees of: testviews.MyMessage [select m from testviews.MyMessage m where :user not in elements(m.viewees)]; nested exception is org.hibernate.QueryException: could not resolve property: viewees of: testviews.MyMessage [select m from testviews.MyMessage m where :user not in elements(m.viewees)]
	at org.springframework.orm.hibernate4.SessionFactoryUtils.convertHibernateAccessException(SessionFactoryUtils.java:173)
	at org.codehaus.groovy.grails.orm.hibernate.GrailsHibernateTemplate.convertHibernateAccessException(GrailsHibernateTemplate.java:593)
	at org.codehaus.groovy.grails.orm.hibernate.GrailsHibernateTemplate.doExecute(GrailsHibernateTemplate.java:183)
	at org.codehaus.groovy.grails.orm.hibernate.GrailsHibernateTemplate.executeFind(GrailsHibernateTemplate.java:127)
	at org.codehaus.groovy.grails.orm.hibernate.metaclass.ExecuteQueryPersistentMethod.doInvokeInternal(ExecuteQueryPersistentMethod.java:89)
	at org.codehaus.groovy.grails.orm.hibernate.metaclass.AbstractStaticPersistentMethod.invoke(AbstractStaticPersistentMethod.java:79)
	at org.codehaus.groovy.grails.orm.hibernate.metaclass.AbstractStaticPersistentMethod.invoke(AbstractStaticPersistentMethod.java:72)
	at org.codehaus.groovy.grails.orm.hibernate.HibernateGormStaticApi.executeQuery(HibernateGormStaticApi.groovy:545)
	at testviews.UserDomain$$EOnYAaYK.findUnseenMessageForUser(UserDomain.groovy:11)
	at org.springsource.loaded.ri.ReloadedTypeInvoker$1.invoke(ReloadedTypeInvoker.java:105)
	at org.springsource.loaded.ri.ReflectiveInterceptor.jlrMethodInvoke(ReflectiveInterceptor.java:1299)
	at testviews.MyMessageSpec.test something(MyMessageSpec.groovy:38)
Caused by: org.hibernate.QueryException: could not resolve property: viewees of: testviews.MyMessage [select m from testviews.MyMessage m where :user not in elements(m.viewees)]
	at org.hibernate.QueryException.generateQueryException(QueryException.java:137)
	at org.hibernate.QueryException.wrapWithQueryString(QueryException.java:120)
	at org.hibernate.hql.internal.ast.QueryTranslatorImpl.doCompile(QueryTranslatorImpl.java:234)
	at org.hibernate.hql.internal.ast.QueryTranslatorImpl.compile(QueryTranslatorImpl.java:158)
	at org.hibernate.engine.query.spi.HQLQueryPlan.<init>(HQLQueryPlan.java:126)
	at org.hibernate.engine.query.spi.HQLQueryPlan.<init>(HQLQueryPlan.java:88)
	at org.hibernate.engine.query.spi.QueryPlanCache.getHQLQueryPlan(QueryPlanCache.java:190)
	at org.hibernate.internal.AbstractSessionImpl.getHQLQueryPlan(AbstractSessionImpl.java:301)
	at org.hibernate.internal.AbstractSessionImpl.createQuery(AbstractSessionImpl.java:236)
	at org.hibernate.internal.SessionImpl.createQuery(SessionImpl.java:1800)
	at org.codehaus.groovy.grails.orm.hibernate.metaclass.ExecuteQueryPersistentMethod$1.doInHibernate(ExecuteQueryPersistentMethod.java:91)
	at org.codehaus.groovy.grails.orm.hibernate.GrailsHibernateTemplate.doExecute(GrailsHibernateTemplate.java:179)
	... 9 more
Caused by: org.hibernate.QueryException: could not resolve property: viewees of: testviews.MyMessage
	at org.hibernate.persister.entity.AbstractPropertyMapping.propertyException(AbstractPropertyMapping.java:83)
	at org.hibernate.persister.entity.AbstractPropertyMapping.toType(AbstractPropertyMapping.java:77)
	at org.hibernate.persister.entity.AbstractEntityPersister.toType(AbstractEntityPersister.java:1978)
	at org.hibernate.hql.internal.ast.tree.FromElementType.getPropertyType(FromElementType.java:367)
	at org.hibernate.hql.internal.ast.tree.FromElement.getPropertyType(FromElement.java:500)
	at org.hibernate.hql.internal.ast.tree.DotNode.getDataType(DotNode.java:652)
	at org.hibernate.hql.internal.ast.tree.DotNode.prepareLhs(DotNode.java:275)
	at org.hibernate.hql.internal.ast.tree.DotNode.resolveInFunctionCall(DotNode.java:194)
	at org.hibernate.hql.internal.ast.HqlSqlWalker.resolve(HqlSqlWalker.java:942)
	at org.hibernate.hql.internal.antlr.HqlSqlBaseWalker.collectionFunction(HqlSqlBaseWalker.java:2951)
	at org.hibernate.hql.internal.antlr.HqlSqlBaseWalker.collectionFunctionOrSubselect(HqlSqlBaseWalker.java:4849)
	at org.hibernate.hql.internal.antlr.HqlSqlBaseWalker.inRhs(HqlSqlBaseWalker.java:4759)
	at org.hibernate.hql.internal.antlr.HqlSqlBaseWalker.comparisonExpr(HqlSqlBaseWalker.java:4452)
	at org.hibernate.hql.internal.antlr.HqlSqlBaseWalker.logicalExpr(HqlSqlBaseWalker.java:2096)
	at org.hibernate.hql.internal.antlr.HqlSqlBaseWalker.whereClause(HqlSqlBaseWalker.java:794)
	at org.hibernate.hql.internal.antlr.HqlSqlBaseWalker.query(HqlSqlBaseWalker.java:595)
	at org.hibernate.hql.internal.antlr.HqlSqlBaseWalker.selectStatement(HqlSqlBaseWalker.java:299)
	at org.hibernate.hql.internal.antlr.HqlSqlBaseWalker.statement(HqlSqlBaseWalker.java:247)
	at org.hibernate.hql.internal.ast.QueryTranslatorImpl.analyze(QueryTranslatorImpl.java:278)
	at org.hibernate.hql.internal.ast.QueryTranslatorImpl.doCompile(QueryTranslatorImpl.java:206)
	... 18 more
2014-08-20 23:08:48,155 [main] ERROR StackTrace  - Full Stack Trace:
org.hibernate.QueryException: could not resolve property: viewees of: testviews.MyMessage [select m from testviews.MyMessage m where :user not in elements(m.viewees)]
	at org.hibernate.QueryException.generateQueryException(QueryException.java:137)
	at org.hibernate.QueryException.wrapWithQueryString(QueryException.java:120)
	at org.hibernate.hql.internal.ast.QueryTranslatorImpl.doCompile(QueryTranslatorImpl.java:234)
	at org.hibernate.hql.internal.ast.QueryTranslatorImpl.compile(QueryTranslatorImpl.java:158)
	at org.hibernate.engine.query.spi.HQLQueryPlan.<init>(HQLQueryPlan.java:126)
	at org.hibernate.engine.query.spi.HQLQueryPlan.<init>(HQLQueryPlan.java:88)
	at org.hibernate.engine.query.spi.QueryPlanCache.getHQLQueryPlan(QueryPlanCache.java:190)
	at org.hibernate.internal.AbstractSessionImpl.getHQLQueryPlan(AbstractSessionImpl.java:301)
	at org.hibernate.internal.AbstractSessionImpl.createQuery(AbstractSessionImpl.java:236)
	at org.hibernate.internal.SessionImpl.createQuery(SessionImpl.java:1800)
	at org.codehaus.groovy.grails.orm.hibernate.metaclass.ExecuteQueryPersistentMethod$1.doInHibernate(ExecuteQueryPersistentMethod.java:91)
	at org.codehaus.groovy.grails.orm.hibernate.GrailsHibernateTemplate.doExecute(GrailsHibernateTemplate.java:179)
	at org.codehaus.groovy.grails.orm.hibernate.GrailsHibernateTemplate.executeFind(GrailsHibernateTemplate.java:127)
	at org.codehaus.groovy.grails.orm.hibernate.metaclass.ExecuteQueryPersistentMethod.doInvokeInternal(ExecuteQueryPersistentMethod.java:89)
	at org.codehaus.groovy.grails.orm.hibernate.metaclass.AbstractStaticPersistentMethod.invoke(AbstractStaticPersistentMethod.java:79)
	at org.codehaus.groovy.grails.orm.hibernate.metaclass.AbstractStaticPersistentMethod.invoke(AbstractStaticPersistentMethod.java:72)
	at org.codehaus.groovy.grails.orm.hibernate.HibernateGormStaticApi.executeQuery(HibernateGormStaticApi.groovy:545)
	at testviews.UserDomain$$EOnYAaYK.findUnseenMessageForUser(UserDomain.groovy:11)
	at org.springsource.loaded.ri.ReloadedTypeInvoker$1.invoke(ReloadedTypeInvoker.java:105)
	at org.springsource.loaded.ri.ReflectiveInterceptor.jlrMethodInvoke(ReflectiveInterceptor.java:1299)
	at testviews.MyMessageSpec.test something(MyMessageSpec.groovy:38)
Caused by: org.hibernate.QueryException: could not resolve property: viewees of: testviews.MyMessage
	at org.hibernate.persister.entity.AbstractPropertyMapping.propertyException(AbstractPropertyMapping.java:83)
	at org.hibernate.persister.entity.AbstractPropertyMapping.toType(AbstractPropertyMapping.java:77)
	at org.hibernate.persister.entity.AbstractEntityPersister.toType(AbstractEntityPersister.java:1978)
	at org.hibernate.hql.internal.ast.tree.FromElementType.getPropertyType(FromElementType.java:367)
	at org.hibernate.hql.internal.ast.tree.FromElement.getPropertyType(FromElement.java:500)
	at org.hibernate.hql.internal.ast.tree.DotNode.getDataType(DotNode.java:652)
	at org.hibernate.hql.internal.ast.tree.DotNode.prepareLhs(DotNode.java:275)
	at org.hibernate.hql.internal.ast.tree.DotNode.resolveInFunctionCall(DotNode.java:194)
	at org.hibernate.hql.internal.ast.HqlSqlWalker.resolve(HqlSqlWalker.java:942)
	at org.hibernate.hql.internal.antlr.HqlSqlBaseWalker.collectionFunction(HqlSqlBaseWalker.java:2951)
	at org.hibernate.hql.internal.antlr.HqlSqlBaseWalker.collectionFunctionOrSubselect(HqlSqlBaseWalker.java:4849)
	at org.hibernate.hql.internal.antlr.HqlSqlBaseWalker.inRhs(HqlSqlBaseWalker.java:4759)
	at org.hibernate.hql.internal.antlr.HqlSqlBaseWalker.comparisonExpr(HqlSqlBaseWalker.java:4452)
	at org.hibernate.hql.internal.antlr.HqlSqlBaseWalker.logicalExpr(HqlSqlBaseWalker.java:2096)
	at org.hibernate.hql.internal.antlr.HqlSqlBaseWalker.whereClause(HqlSqlBaseWalker.java:794)
	at org.hibernate.hql.internal.antlr.HqlSqlBaseWalker.query(HqlSqlBaseWalker.java:595)
	at org.hibernate.hql.internal.antlr.HqlSqlBaseWalker.selectStatement(HqlSqlBaseWalker.java:299)
	at org.hibernate.hql.internal.antlr.HqlSqlBaseWalker.statement(HqlSqlBaseWalker.java:247)
	at org.hibernate.hql.internal.ast.QueryTranslatorImpl.analyze(QueryTranslatorImpl.java:278)
	at org.hibernate.hql.internal.ast.QueryTranslatorImpl.doCompile(QueryTranslatorImpl.java:206)
	... 18 more
2014-08-20 23:08:48,155 [main] ERROR StackTrace  - Full Stack Trace:
org.hibernate.QueryException: could not resolve property: viewees of: testviews.MyMessage
	at org.hibernate.persister.entity.AbstractPropertyMapping.propertyException(AbstractPropertyMapping.java:83)
	at org.hibernate.persister.entity.AbstractPropertyMapping.toType(AbstractPropertyMapping.java:77)
	at org.hibernate.persister.entity.AbstractEntityPersister.toType(AbstractEntityPersister.java:1978)
	at org.hibernate.hql.internal.ast.tree.FromElementType.getPropertyType(FromElementType.java:367)
	at org.hibernate.hql.internal.ast.tree.FromElement.getPropertyType(FromElement.java:500)
	at org.hibernate.hql.internal.ast.tree.DotNode.getDataType(DotNode.java:652)
	at org.hibernate.hql.internal.ast.tree.DotNode.prepareLhs(DotNode.java:275)
	at org.hibernate.hql.internal.ast.tree.DotNode.resolveInFunctionCall(DotNode.java:194)
	at org.hibernate.hql.internal.ast.HqlSqlWalker.resolve(HqlSqlWalker.java:942)
	at org.hibernate.hql.internal.antlr.HqlSqlBaseWalker.collectionFunction(HqlSqlBaseWalker.java:2951)
	at org.hibernate.hql.internal.antlr.HqlSqlBaseWalker.collectionFunctionOrSubselect(HqlSqlBaseWalker.java:4849)
	at org.hibernate.hql.internal.antlr.HqlSqlBaseWalker.inRhs(HqlSqlBaseWalker.java:4759)
	at org.hibernate.hql.internal.antlr.HqlSqlBaseWalker.comparisonExpr(HqlSqlBaseWalker.java:4452)
	at org.hibernate.hql.internal.antlr.HqlSqlBaseWalker.logicalExpr(HqlSqlBaseWalker.java:2096)
	at org.hibernate.hql.internal.antlr.HqlSqlBaseWalker.whereClause(HqlSqlBaseWalker.java:794)
	at org.hibernate.hql.internal.antlr.HqlSqlBaseWalker.query(HqlSqlBaseWalker.java:595)
	at org.hibernate.hql.internal.antlr.HqlSqlBaseWalker.selectStatement(HqlSqlBaseWalker.java:299)
	at org.hibernate.hql.internal.antlr.HqlSqlBaseWalker.statement(HqlSqlBaseWalker.java:247)
	at org.hibernate.hql.internal.ast.QueryTranslatorImpl.analyze(QueryTranslatorImpl.java:278)
	at org.hibernate.hql.internal.ast.QueryTranslatorImpl.doCompile(QueryTranslatorImpl.java:206)
	at org.hibernate.hql.internal.ast.QueryTranslatorImpl.compile(QueryTranslatorImpl.java:158)
	at org.hibernate.engine.query.spi.HQLQueryPlan.<init>(HQLQueryPlan.java:126)
	at org.hibernate.engine.query.spi.HQLQueryPlan.<init>(HQLQueryPlan.java:88)
	at org.hibernate.engine.query.spi.QueryPlanCache.getHQLQueryPlan(QueryPlanCache.java:190)
	at org.hibernate.internal.AbstractSessionImpl.getHQLQueryPlan(AbstractSessionImpl.java:301)
	at org.hibernate.internal.AbstractSessionImpl.createQuery(AbstractSessionImpl.java:236)
	at org.hibernate.internal.SessionImpl.createQuery(SessionImpl.java:1800)
	at org.codehaus.groovy.grails.orm.hibernate.metaclass.ExecuteQueryPersistentMethod$1.doInHibernate(ExecuteQueryPersistentMethod.java:91)
	at org.codehaus.groovy.grails.orm.hibernate.GrailsHibernateTemplate.doExecute(GrailsHibernateTemplate.java:179)
	at org.codehaus.groovy.grails.orm.hibernate.GrailsHibernateTemplate.executeFind(GrailsHibernateTemplate.java:127)
	at org.codehaus.groovy.grails.orm.hibernate.metaclass.ExecuteQueryPersistentMethod.doInvokeInternal(ExecuteQueryPersistentMethod.java:89)
	at org.codehaus.groovy.grails.orm.hibernate.metaclass.AbstractStaticPersistentMethod.invoke(AbstractStaticPersistentMethod.java:79)
	at org.codehaus.groovy.grails.orm.hibernate.metaclass.AbstractStaticPersistentMethod.invoke(AbstractStaticPersistentMethod.java:72)
	at org.codehaus.groovy.grails.orm.hibernate.HibernateGormStaticApi.executeQuery(HibernateGormStaticApi.groovy:545)
	at testviews.UserDomain$$EOnYAaYK.findUnseenMessageForUser(UserDomain.groovy:11)
	at org.springsource.loaded.ri.ReloadedTypeInvoker$1.invoke(ReloadedTypeInvoker.java:105)
	at org.springsource.loaded.ri.ReflectiveInterceptor.jlrMethodInvoke(ReflectiveInterceptor.java:1299)
	at testviews.MyMessageSpec.test something(MyMessageSpec.groovy:38)
2014-08-20 23:08:48,156 [main] ERROR StackTrace  - Full Stack Trace:
org.springframework.orm.hibernate4.HibernateQueryException: could not resolve property: viewees of: testviews.MyMessage [select m from testviews.MyMessage m where :user not in elements(m.viewees)]; nested exception is org.hibernate.QueryException: could not resolve property: viewees of: testviews.MyMessage [select m from testviews.MyMessage m where :user not in elements(m.viewees)]
	at testviews.UserDomain$$EOnYAaYK.findUnseenMessageForUser(UserDomain.groovy:11)
	at testviews.MyMessageSpec.test something(MyMessageSpec.groovy:38)
Caused by: org.hibernate.QueryException: could not resolve property: viewees of: testviews.MyMessage [select m from testviews.MyMessage m where :user not in elements(m.viewees)]
	... 2 more
Caused by: org.hibernate.QueryException: could not resolve property: viewees of: testviews.MyMessage
	... 2 more
2014-08-20 23:08:48,156 [main] ERROR StackTrace  - Full Stack Trace:
org.springframework.orm.hibernate4.HibernateQueryException: could not resolve property: viewees of: testviews.MyMessage [select m from testviews.MyMessage m where :user not in elements(m.viewees)]; nested exception is org.hibernate.QueryException: could not resolve property: viewees of: testviews.MyMessage [select m from testviews.MyMessage m where :user not in elements(m.viewees)]
	at testviews.UserDomain$$EOnYAaYK.findUnseenMessageForUser(UserDomain.groovy:11)
	at testviews.MyMessageSpec.test something(MyMessageSpec.groovy:38)
Caused by: org.hibernate.QueryException: could not resolve property: viewees of: testviews.MyMessage [select m from testviews.MyMessage m where :user not in elements(m.viewees)]
	... 2 more
Caused by: org.hibernate.QueryException: could not resolve property: viewees of: testviews.MyMessage
	... 2 more
2014-08-20 23:08:48,156 [main] ERROR StackTrace  - Full Stack Trace:
org.hibernate.QueryException: could not resolve property: viewees of: testviews.MyMessage [select m from testviews.MyMessage m where :user not in elements(m.viewees)]
	at testviews.UserDomain$$EOnYAaYK.findUnseenMessageForUser(UserDomain.groovy:11)
	at testviews.MyMessageSpec.test something(MyMessageSpec.groovy:38)
Caused by: org.hibernate.QueryException: could not resolve property: viewees of: testviews.MyMessage
	... 2 more
2014-08-20 23:08:48,156 [main] ERROR StackTrace  - Full Stack Trace:
org.hibernate.QueryException: could not resolve property: viewees of: testviews.MyMessage
	at testviews.UserDomain$$EOnYAaYK.findUnseenMessageForUser(UserDomain.groovy:11)
	at testviews.MyMessageSpec.test something(MyMessageSpec.groovy:38)
2014-08-20 23:08:48,156 [main] ERROR StackTrace  - Full Stack Trace:
org.springframework.orm.hibernate4.HibernateQueryException: could not resolve property: viewees of: testviews.MyMessage [select m from testviews.MyMessage m where :user not in elements(m.viewees)]; nested exception is org.hibernate.QueryException: could not resolve property: viewees of: testviews.MyMessage [select m from testviews.MyMessage m where :user not in elements(m.viewees)]
	at testviews.UserDomain$$EOnYAaYK.findUnseenMessageForUser(UserDomain.groovy:11)
	at testviews.MyMessageSpec.test something(MyMessageSpec.groovy:38)
Caused by: org.hibernate.QueryException: could not resolve property: viewees of: testviews.MyMessage [select m from testviews.MyMessage m where :user not in elements(m.viewees)]
	... 2 more
Caused by: org.hibernate.QueryException: could not resolve property: viewees of: testviews.MyMessage
	... 2 more
2014-08-20 23:08:48,157 [main] ERROR StackTrace  - Full Stack Trace:
org.springframework.orm.hibernate4.HibernateQueryException: could not resolve property: viewees of: testviews.MyMessage [select m from testviews.MyMessage m where :user not in elements(m.viewees)]; nested exception is org.hibernate.QueryException: could not resolve property: viewees of: testviews.MyMessage [select m from testviews.MyMessage m where :user not in elements(m.viewees)]
	at testviews.UserDomain$$EOnYAaYK.findUnseenMessageForUser(UserDomain.groovy:11)
	at testviews.MyMessageSpec.test something(MyMessageSpec.groovy:38)
Caused by: org.hibernate.QueryException: could not resolve property: viewees of: testviews.MyMessage [select m from testviews.MyMessage m where :user not in elements(m.viewees)]
	... 2 more
Caused by: org.hibernate.QueryException: could not resolve property: viewees of: testviews.MyMessage
	... 2 more
2014-08-20 23:08:48,157 [main] ERROR StackTrace  - Full Stack Trace:
org.hibernate.QueryException: could not resolve property: viewees of: testviews.MyMessage [select m from testviews.MyMessage m where :user not in elements(m.viewees)]
	at testviews.UserDomain$$EOnYAaYK.findUnseenMessageForUser(UserDomain.groovy:11)
	at testviews.MyMessageSpec.test something(MyMessageSpec.groovy:38)
Caused by: org.hibernate.QueryException: could not resolve property: viewees of: testviews.MyMessage
	... 2 more
2014-08-20 23:08:48,157 [main] ERROR StackTrace  - Full Stack Trace:
org.hibernate.QueryException: could not resolve property: viewees of: testviews.MyMessage
	at testviews.UserDomain$$EOnYAaYK.findUnseenMessageForUser(UserDomain.groovy:11)
	at testviews.MyMessageSpec.test something(MyMessageSpec.groovy:38)
2014-08-20 23:08:48,157 [main] ERROR StackTrace  - Full Stack Trace:
org.springframework.orm.hibernate4.HibernateQueryException: could not resolve property: viewees of: testviews.MyMessage [select m from testviews.MyMessage m where :user not in elements(m.viewees)]; nested exception is org.hibernate.QueryException: could not resolve property: viewees of: testviews.MyMessage [select m from testviews.MyMessage m where :user not in elements(m.viewees)]
	at testviews.UserDomain$$EOnYAaYK.findUnseenMessageForUser(UserDomain.groovy:11)
	at testviews.MyMessageSpec.test something(MyMessageSpec.groovy:38)
Caused by: org.hibernate.QueryException: could not resolve property: viewees of: testviews.MyMessage [select m from testviews.MyMessage m where :user not in elements(m.viewees)]
	... 2 more
Caused by: org.hibernate.QueryException: could not resolve property: viewees of: testviews.MyMessage
	... 2 more
2014-08-20 23:11:50,560 [main] ERROR StackTrace  - Full Stack Trace:
Condition not satisfied:

UserDomain.findUnseenMessageForUser(u2) == [m1, m2,m3]
           |                        |   |   |   |  |
           |                        |   |   |   |  testviews.MyMessage : (unsaved)
           |                        |   |   |   testviews.MyMessage : 6
           |                        |   |   testviews.MyMessage : 5
           |                        |   false
           |                        testviews.UserDomain : 10
           [testviews.MyMessage : 5, testviews.MyMessage : 6]

	at testviews.MyMessageSpec.test something(MyMessageSpec.groovy:39)
2014-08-20 23:11:50,561 [main] ERROR StackTrace  - Full Stack Trace:
Condition not satisfied:

UserDomain.findUnseenMessageForUser(u2) == [m1, m2,m3]
           |                        |   |   |   |  |
           |                        |   |   |   |  testviews.MyMessage : (unsaved)
           |                        |   |   |   testviews.MyMessage : 6
           |                        |   |   testviews.MyMessage : 5
           |                        |   false
           |                        testviews.UserDomain : 10
           [testviews.MyMessage : 5, testviews.MyMessage : 6]

	at testviews.MyMessageSpec.test something(MyMessageSpec.groovy:39)
2014-08-20 23:11:50,562 [main] ERROR StackTrace  - Full Stack Trace:
junit.framework.AssertionFailedError: Condition not satisfied:

UserDomain.findUnseenMessageForUser(u2) == [m1, m2,m3]
           |                        |   |   |   |  |
           |                        |   |   |   |  testviews.MyMessage : (unsaved)
           |                        |   |   |   testviews.MyMessage : 6
           |                        |   |   testviews.MyMessage : 5
           |                        |   false
           |                        testviews.UserDomain : 10
           [testviews.MyMessage : 5, testviews.MyMessage : 6]

	at testviews.MyMessageSpec.test something(MyMessageSpec.groovy:39)
2014-08-20 23:11:50,562 [main] ERROR StackTrace  - Full Stack Trace:
junit.framework.AssertionFailedError: Condition not satisfied:

UserDomain.findUnseenMessageForUser(u2) == [m1, m2,m3]
           |                        |   |   |   |  |
           |                        |   |   |   |  testviews.MyMessage : (unsaved)
           |                        |   |   |   testviews.MyMessage : 6
           |                        |   |   testviews.MyMessage : 5
           |                        |   false
           |                        testviews.UserDomain : 10
           [testviews.MyMessage : 5, testviews.MyMessage : 6]

	at testviews.MyMessageSpec.test something(MyMessageSpec.groovy:39)
2014-08-20 23:11:50,562 [main] ERROR StackTrace  - Full Stack Trace:
junit.framework.AssertionFailedError: Condition not satisfied:

UserDomain.findUnseenMessageForUser(u2) == [m1, m2,m3]
           |                        |   |   |   |  |
           |                        |   |   |   |  testviews.MyMessage : (unsaved)
           |                        |   |   |   testviews.MyMessage : 6
           |                        |   |   testviews.MyMessage : 5
           |                        |   false
           |                        testviews.UserDomain : 10
           [testviews.MyMessage : 5, testviews.MyMessage : 6]

	at testviews.MyMessageSpec.test something(MyMessageSpec.groovy:39)
2014-08-20 23:11:50,562 [main] ERROR StackTrace  - Full Stack Trace:
junit.framework.AssertionFailedError: Condition not satisfied:

UserDomain.findUnseenMessageForUser(u2) == [m1, m2,m3]
           |                        |   |   |   |  |
           |                        |   |   |   |  testviews.MyMessage : (unsaved)
           |                        |   |   |   testviews.MyMessage : 6
           |                        |   |   testviews.MyMessage : 5
           |                        |   false
           |                        testviews.UserDomain : 10
           [testviews.MyMessage : 5, testviews.MyMessage : 6]

	at testviews.MyMessageSpec.test something(MyMessageSpec.groovy:39)
2014-08-20 23:13:00,431 [main] ERROR StackTrace  - Full Stack Trace:
Condition not satisfied:

UserDomain.findUnseenMessageForUser(u2) == [m1, m2,m3]
           |                        |   |   |   |  |
           |                        |   |   |   |  testviews.MyMessage : 7
           |                        |   |   |   testviews.MyMessage : 9
           |                        |   |   testviews.MyMessage : 8
           |                        |   false
           |                        testviews.UserDomain : 14
           [testviews.MyMessage : 7, testviews.MyMessage : 8, testviews.MyMessage : 9]

	at testviews.MyMessageSpec.test something(MyMessageSpec.groovy:39)
2014-08-20 23:13:00,432 [main] ERROR StackTrace  - Full Stack Trace:
Condition not satisfied:

UserDomain.findUnseenMessageForUser(u2) == [m1, m2,m3]
           |                        |   |   |   |  |
           |                        |   |   |   |  testviews.MyMessage : 7
           |                        |   |   |   testviews.MyMessage : 9
           |                        |   |   testviews.MyMessage : 8
           |                        |   false
           |                        testviews.UserDomain : 14
           [testviews.MyMessage : 7, testviews.MyMessage : 8, testviews.MyMessage : 9]

	at testviews.MyMessageSpec.test something(MyMessageSpec.groovy:39)
2014-08-20 23:13:00,432 [main] ERROR StackTrace  - Full Stack Trace:
junit.framework.AssertionFailedError: Condition not satisfied:

UserDomain.findUnseenMessageForUser(u2) == [m1, m2,m3]
           |                        |   |   |   |  |
           |                        |   |   |   |  testviews.MyMessage : 7
           |                        |   |   |   testviews.MyMessage : 9
           |                        |   |   testviews.MyMessage : 8
           |                        |   false
           |                        testviews.UserDomain : 14
           [testviews.MyMessage : 7, testviews.MyMessage : 8, testviews.MyMessage : 9]

	at testviews.MyMessageSpec.test something(MyMessageSpec.groovy:39)
2014-08-20 23:13:00,432 [main] ERROR StackTrace  - Full Stack Trace:
junit.framework.AssertionFailedError: Condition not satisfied:

UserDomain.findUnseenMessageForUser(u2) == [m1, m2,m3]
           |                        |   |   |   |  |
           |                        |   |   |   |  testviews.MyMessage : 7
           |                        |   |   |   testviews.MyMessage : 9
           |                        |   |   testviews.MyMessage : 8
           |                        |   false
           |                        testviews.UserDomain : 14
           [testviews.MyMessage : 7, testviews.MyMessage : 8, testviews.MyMessage : 9]

	at testviews.MyMessageSpec.test something(MyMessageSpec.groovy:39)
2014-08-20 23:13:00,433 [main] ERROR StackTrace  - Full Stack Trace:
junit.framework.AssertionFailedError: Condition not satisfied:

UserDomain.findUnseenMessageForUser(u2) == [m1, m2,m3]
           |                        |   |   |   |  |
           |                        |   |   |   |  testviews.MyMessage : 7
           |                        |   |   |   testviews.MyMessage : 9
           |                        |   |   testviews.MyMessage : 8
           |                        |   false
           |                        testviews.UserDomain : 14
           [testviews.MyMessage : 7, testviews.MyMessage : 8, testviews.MyMessage : 9]

	at testviews.MyMessageSpec.test something(MyMessageSpec.groovy:39)
2014-08-20 23:13:00,433 [main] ERROR StackTrace  - Full Stack Trace:
junit.framework.AssertionFailedError: Condition not satisfied:

UserDomain.findUnseenMessageForUser(u2) == [m1, m2,m3]
           |                        |   |   |   |  |
           |                        |   |   |   |  testviews.MyMessage : 7
           |                        |   |   |   testviews.MyMessage : 9
           |                        |   |   testviews.MyMessage : 8
           |                        |   false
           |                        testviews.UserDomain : 14
           [testviews.MyMessage : 7, testviews.MyMessage : 8, testviews.MyMessage : 9]

	at testviews.MyMessageSpec.test something(MyMessageSpec.groovy:39)
2014-08-20 23:13:54,523 [main] ERROR StackTrace  - Full Stack Trace:
Condition not satisfied:

UserDomain.findUnseenMessageForUser(u1).sort{it.id} == [m2,m3].sort{it.id}
           |                        |   |           |   |  |   |
           |                        |   |           |   |  |   [testviews.MyMessage : 10, testviews.MyMessage : 12]
           |                        |   |           |   |  testviews.MyMessage : 10
           |                        |   |           |   testviews.MyMessage : 12
           |                        |   |           false
           |                        |   [testviews.MyMessage : 10]
           |                        testviews.UserDomain : 17
           [testviews.MyMessage : 10]

	at testviews.MyMessageSpec.test something(MyMessageSpec.groovy:42)
2014-08-20 23:13:54,523 [main] ERROR StackTrace  - Full Stack Trace:
Condition not satisfied:

UserDomain.findUnseenMessageForUser(u1).sort{it.id} == [m2,m3].sort{it.id}
           |                        |   |           |   |  |   |
           |                        |   |           |   |  |   [testviews.MyMessage : 10, testviews.MyMessage : 12]
           |                        |   |           |   |  testviews.MyMessage : 10
           |                        |   |           |   testviews.MyMessage : 12
           |                        |   |           false
           |                        |   [testviews.MyMessage : 10]
           |                        testviews.UserDomain : 17
           [testviews.MyMessage : 10]

	at testviews.MyMessageSpec.test something(MyMessageSpec.groovy:42)
2014-08-20 23:13:54,524 [main] ERROR StackTrace  - Full Stack Trace:
junit.framework.AssertionFailedError: Condition not satisfied:

UserDomain.findUnseenMessageForUser(u1).sort{it.id} == [m2,m3].sort{it.id}
           |                        |   |           |   |  |   |
           |                        |   |           |   |  |   [testviews.MyMessage : 10, testviews.MyMessage : 12]
           |                        |   |           |   |  testviews.MyMessage : 10
           |                        |   |           |   testviews.MyMessage : 12
           |                        |   |           false
           |                        |   [testviews.MyMessage : 10]
           |                        testviews.UserDomain : 17
           [testviews.MyMessage : 10]

	at testviews.MyMessageSpec.test something(MyMessageSpec.groovy:42)
2014-08-20 23:13:54,524 [main] ERROR StackTrace  - Full Stack Trace:
junit.framework.AssertionFailedError: Condition not satisfied:

UserDomain.findUnseenMessageForUser(u1).sort{it.id} == [m2,m3].sort{it.id}
           |                        |   |           |   |  |   |
           |                        |   |           |   |  |   [testviews.MyMessage : 10, testviews.MyMessage : 12]
           |                        |   |           |   |  testviews.MyMessage : 10
           |                        |   |           |   testviews.MyMessage : 12
           |                        |   |           false
           |                        |   [testviews.MyMessage : 10]
           |                        testviews.UserDomain : 17
           [testviews.MyMessage : 10]

	at testviews.MyMessageSpec.test something(MyMessageSpec.groovy:42)
2014-08-20 23:13:54,524 [main] ERROR StackTrace  - Full Stack Trace:
junit.framework.AssertionFailedError: Condition not satisfied:

UserDomain.findUnseenMessageForUser(u1).sort{it.id} == [m2,m3].sort{it.id}
           |                        |   |           |   |  |   |
           |                        |   |           |   |  |   [testviews.MyMessage : 10, testviews.MyMessage : 12]
           |                        |   |           |   |  testviews.MyMessage : 10
           |                        |   |           |   testviews.MyMessage : 12
           |                        |   |           false
           |                        |   [testviews.MyMessage : 10]
           |                        testviews.UserDomain : 17
           [testviews.MyMessage : 10]

	at testviews.MyMessageSpec.test something(MyMessageSpec.groovy:42)
2014-08-20 23:13:54,524 [main] ERROR StackTrace  - Full Stack Trace:
junit.framework.AssertionFailedError: Condition not satisfied:

UserDomain.findUnseenMessageForUser(u1).sort{it.id} == [m2,m3].sort{it.id}
           |                        |   |           |   |  |   |
           |                        |   |           |   |  |   [testviews.MyMessage : 10, testviews.MyMessage : 12]
           |                        |   |           |   |  testviews.MyMessage : 10
           |                        |   |           |   testviews.MyMessage : 12
           |                        |   |           false
           |                        |   [testviews.MyMessage : 10]
           |                        testviews.UserDomain : 17
           [testviews.MyMessage : 10]

	at testviews.MyMessageSpec.test something(MyMessageSpec.groovy:42)
2014-08-20 23:14:08,378 [main] ERROR StackTrace  - Full Stack Trace:
Condition not satisfied:

UserDomain.findUnseenMessageForUser(u1).sort{it.id} == [m2,m3].sort{it.id}
           |                        |   |           |   |  |   |
           |                        |   |           |   |  |   [testviews.MyMessage : 13, testviews.MyMessage : 15]
           |                        |   |           |   |  testviews.MyMessage : 13
           |                        |   |           |   testviews.MyMessage : 15
           |                        |   |           false
           |                        |   [testviews.MyMessage : 13]
           |                        testviews.UserDomain : 21
           [testviews.MyMessage : 13]

	at testviews.MyMessageSpec.test something(MyMessageSpec.groovy:42)
2014-08-20 23:14:08,378 [main] ERROR StackTrace  - Full Stack Trace:
Condition not satisfied:

UserDomain.findUnseenMessageForUser(u1).sort{it.id} == [m2,m3].sort{it.id}
           |                        |   |           |   |  |   |
           |                        |   |           |   |  |   [testviews.MyMessage : 13, testviews.MyMessage : 15]
           |                        |   |           |   |  testviews.MyMessage : 13
           |                        |   |           |   testviews.MyMessage : 15
           |                        |   |           false
           |                        |   [testviews.MyMessage : 13]
           |                        testviews.UserDomain : 21
           [testviews.MyMessage : 13]

	at testviews.MyMessageSpec.test something(MyMessageSpec.groovy:42)
2014-08-20 23:14:08,378 [main] ERROR StackTrace  - Full Stack Trace:
junit.framework.AssertionFailedError: Condition not satisfied:

UserDomain.findUnseenMessageForUser(u1).sort{it.id} == [m2,m3].sort{it.id}
           |                        |   |           |   |  |   |
           |                        |   |           |   |  |   [testviews.MyMessage : 13, testviews.MyMessage : 15]
           |                        |   |           |   |  testviews.MyMessage : 13
           |                        |   |           |   testviews.MyMessage : 15
           |                        |   |           false
           |                        |   [testviews.MyMessage : 13]
           |                        testviews.UserDomain : 21
           [testviews.MyMessage : 13]

	at testviews.MyMessageSpec.test something(MyMessageSpec.groovy:42)
2014-08-20 23:14:08,379 [main] ERROR StackTrace  - Full Stack Trace:
junit.framework.AssertionFailedError: Condition not satisfied:

UserDomain.findUnseenMessageForUser(u1).sort{it.id} == [m2,m3].sort{it.id}
           |                        |   |           |   |  |   |
           |                        |   |           |   |  |   [testviews.MyMessage : 13, testviews.MyMessage : 15]
           |                        |   |           |   |  testviews.MyMessage : 13
           |                        |   |           |   testviews.MyMessage : 15
           |                        |   |           false
           |                        |   [testviews.MyMessage : 13]
           |                        testviews.UserDomain : 21
           [testviews.MyMessage : 13]

	at testviews.MyMessageSpec.test something(MyMessageSpec.groovy:42)
2014-08-20 23:14:08,379 [main] ERROR StackTrace  - Full Stack Trace:
junit.framework.AssertionFailedError: Condition not satisfied:

UserDomain.findUnseenMessageForUser(u1).sort{it.id} == [m2,m3].sort{it.id}
           |                        |   |           |   |  |   |
           |                        |   |           |   |  |   [testviews.MyMessage : 13, testviews.MyMessage : 15]
           |                        |   |           |   |  testviews.MyMessage : 13
           |                        |   |           |   testviews.MyMessage : 15
           |                        |   |           false
           |                        |   [testviews.MyMessage : 13]
           |                        testviews.UserDomain : 21
           [testviews.MyMessage : 13]

	at testviews.MyMessageSpec.test something(MyMessageSpec.groovy:42)
2014-08-20 23:14:08,379 [main] ERROR StackTrace  - Full Stack Trace:
junit.framework.AssertionFailedError: Condition not satisfied:

UserDomain.findUnseenMessageForUser(u1).sort{it.id} == [m2,m3].sort{it.id}
           |                        |   |           |   |  |   |
           |                        |   |           |   |  |   [testviews.MyMessage : 13, testviews.MyMessage : 15]
           |                        |   |           |   |  testviews.MyMessage : 13
           |                        |   |           |   testviews.MyMessage : 15
           |                        |   |           false
           |                        |   [testviews.MyMessage : 13]
           |                        testviews.UserDomain : 21
           [testviews.MyMessage : 13]

	at testviews.MyMessageSpec.test something(MyMessageSpec.groovy:42)
2014-08-20 23:14:49,376 [main] ERROR StackTrace  - Full Stack Trace:
Condition not satisfied:

UserDomain.findUnseenMessageForUser(u2) == [m1, m2,m3]
           |                        |   |   |   |  |
           |                        |   |   |   |  testviews.MyMessage : 16
           |                        |   |   |   testviews.MyMessage : 18
           |                        |   |   testviews.MyMessage : 17
           |                        |   false
           |                        testviews.UserDomain : 26
           [testviews.MyMessage : 16, testviews.MyMessage : 17, testviews.MyMessage : 18]

	at testviews.MyMessageSpec.test something(MyMessageSpec.groovy:39)
2014-08-20 23:14:49,376 [main] ERROR StackTrace  - Full Stack Trace:
Condition not satisfied:

UserDomain.findUnseenMessageForUser(u2) == [m1, m2,m3]
           |                        |   |   |   |  |
           |                        |   |   |   |  testviews.MyMessage : 16
           |                        |   |   |   testviews.MyMessage : 18
           |                        |   |   testviews.MyMessage : 17
           |                        |   false
           |                        testviews.UserDomain : 26
           [testviews.MyMessage : 16, testviews.MyMessage : 17, testviews.MyMessage : 18]

	at testviews.MyMessageSpec.test something(MyMessageSpec.groovy:39)
2014-08-20 23:14:49,376 [main] ERROR StackTrace  - Full Stack Trace:
junit.framework.AssertionFailedError: Condition not satisfied:

UserDomain.findUnseenMessageForUser(u2) == [m1, m2,m3]
           |                        |   |   |   |  |
           |                        |   |   |   |  testviews.MyMessage : 16
           |                        |   |   |   testviews.MyMessage : 18
           |                        |   |   testviews.MyMessage : 17
           |                        |   false
           |                        testviews.UserDomain : 26
           [testviews.MyMessage : 16, testviews.MyMessage : 17, testviews.MyMessage : 18]

	at testviews.MyMessageSpec.test something(MyMessageSpec.groovy:39)
2014-08-20 23:14:49,376 [main] ERROR StackTrace  - Full Stack Trace:
junit.framework.AssertionFailedError: Condition not satisfied:

UserDomain.findUnseenMessageForUser(u2) == [m1, m2,m3]
           |                        |   |   |   |  |
           |                        |   |   |   |  testviews.MyMessage : 16
           |                        |   |   |   testviews.MyMessage : 18
           |                        |   |   testviews.MyMessage : 17
           |                        |   false
           |                        testviews.UserDomain : 26
           [testviews.MyMessage : 16, testviews.MyMessage : 17, testviews.MyMessage : 18]

	at testviews.MyMessageSpec.test something(MyMessageSpec.groovy:39)
2014-08-20 23:14:49,377 [main] ERROR StackTrace  - Full Stack Trace:
junit.framework.AssertionFailedError: Condition not satisfied:

UserDomain.findUnseenMessageForUser(u2) == [m1, m2,m3]
           |                        |   |   |   |  |
           |                        |   |   |   |  testviews.MyMessage : 16
           |                        |   |   |   testviews.MyMessage : 18
           |                        |   |   testviews.MyMessage : 17
           |                        |   false
           |                        testviews.UserDomain : 26
           [testviews.MyMessage : 16, testviews.MyMessage : 17, testviews.MyMessage : 18]

	at testviews.MyMessageSpec.test something(MyMessageSpec.groovy:39)
2014-08-20 23:14:49,377 [main] ERROR StackTrace  - Full Stack Trace:
junit.framework.AssertionFailedError: Condition not satisfied:

UserDomain.findUnseenMessageForUser(u2) == [m1, m2,m3]
           |                        |   |   |   |  |
           |                        |   |   |   |  testviews.MyMessage : 16
           |                        |   |   |   testviews.MyMessage : 18
           |                        |   |   testviews.MyMessage : 17
           |                        |   false
           |                        testviews.UserDomain : 26
           [testviews.MyMessage : 16, testviews.MyMessage : 17, testviews.MyMessage : 18]

	at testviews.MyMessageSpec.test something(MyMessageSpec.groovy:39)
2014-08-20 23:16:04,852 [main] ERROR StackTrace  - Full Stack Trace:
Condition not satisfied:

UserDomain.findUnseenMessageForUser(u1).sort{it.id} == [m2,m3].sort{it.id}
           |                        |   |           |   |  |   |
           |                        |   |           |   |  |   [testviews.MyMessage : 19, testviews.MyMessage : 21]
           |                        |   |           |   |  testviews.MyMessage : 19
           |                        |   |           |   testviews.MyMessage : 21
           |                        |   |           false
           |                        |   [testviews.MyMessage : 19]
           |                        testviews.UserDomain : 29
           [testviews.MyMessage : 19]

	at testviews.MyMessageSpec.test something(MyMessageSpec.groovy:42)
2014-08-20 23:16:04,852 [main] ERROR StackTrace  - Full Stack Trace:
Condition not satisfied:

UserDomain.findUnseenMessageForUser(u1).sort{it.id} == [m2,m3].sort{it.id}
           |                        |   |           |   |  |   |
           |                        |   |           |   |  |   [testviews.MyMessage : 19, testviews.MyMessage : 21]
           |                        |   |           |   |  testviews.MyMessage : 19
           |                        |   |           |   testviews.MyMessage : 21
           |                        |   |           false
           |                        |   [testviews.MyMessage : 19]
           |                        testviews.UserDomain : 29
           [testviews.MyMessage : 19]

	at testviews.MyMessageSpec.test something(MyMessageSpec.groovy:42)
2014-08-20 23:16:04,852 [main] ERROR StackTrace  - Full Stack Trace:
junit.framework.AssertionFailedError: Condition not satisfied:

UserDomain.findUnseenMessageForUser(u1).sort{it.id} == [m2,m3].sort{it.id}
           |                        |   |           |   |  |   |
           |                        |   |           |   |  |   [testviews.MyMessage : 19, testviews.MyMessage : 21]
           |                        |   |           |   |  testviews.MyMessage : 19
           |                        |   |           |   testviews.MyMessage : 21
           |                        |   |           false
           |                        |   [testviews.MyMessage : 19]
           |                        testviews.UserDomain : 29
           [testviews.MyMessage : 19]

	at testviews.MyMessageSpec.test something(MyMessageSpec.groovy:42)
2014-08-20 23:16:04,853 [main] ERROR StackTrace  - Full Stack Trace:
junit.framework.AssertionFailedError: Condition not satisfied:

UserDomain.findUnseenMessageForUser(u1).sort{it.id} == [m2,m3].sort{it.id}
           |                        |   |           |   |  |   |
           |                        |   |           |   |  |   [testviews.MyMessage : 19, testviews.MyMessage : 21]
           |                        |   |           |   |  testviews.MyMessage : 19
           |                        |   |           |   testviews.MyMessage : 21
           |                        |   |           false
           |                        |   [testviews.MyMessage : 19]
           |                        testviews.UserDomain : 29
           [testviews.MyMessage : 19]

	at testviews.MyMessageSpec.test something(MyMessageSpec.groovy:42)
2014-08-20 23:16:04,853 [main] ERROR StackTrace  - Full Stack Trace:
junit.framework.AssertionFailedError: Condition not satisfied:

UserDomain.findUnseenMessageForUser(u1).sort{it.id} == [m2,m3].sort{it.id}
           |                        |   |           |   |  |   |
           |                        |   |           |   |  |   [testviews.MyMessage : 19, testviews.MyMessage : 21]
           |                        |   |           |   |  testviews.MyMessage : 19
           |                        |   |           |   testviews.MyMessage : 21
           |                        |   |           false
           |                        |   [testviews.MyMessage : 19]
           |                        testviews.UserDomain : 29
           [testviews.MyMessage : 19]

	at testviews.MyMessageSpec.test something(MyMessageSpec.groovy:42)
2014-08-20 23:16:04,853 [main] ERROR StackTrace  - Full Stack Trace:
junit.framework.AssertionFailedError: Condition not satisfied:

UserDomain.findUnseenMessageForUser(u1).sort{it.id} == [m2,m3].sort{it.id}
           |                        |   |           |   |  |   |
           |                        |   |           |   |  |   [testviews.MyMessage : 19, testviews.MyMessage : 21]
           |                        |   |           |   |  testviews.MyMessage : 19
           |                        |   |           |   testviews.MyMessage : 21
           |                        |   |           false
           |                        |   [testviews.MyMessage : 19]
           |                        testviews.UserDomain : 29
           [testviews.MyMessage : 19]

	at testviews.MyMessageSpec.test something(MyMessageSpec.groovy:42)
2014-08-20 23:16:23,675 [main] ERROR StackTrace  - Full Stack Trace:
Condition not satisfied:

UserDomain.findUnseenMessageForUser(u1).containsAll([m2,m3])
           |                        |   |            |  |
           |                        |   false        |  testviews.MyMessage : 22
           |                        |                testviews.MyMessage : 24
           |                        testviews.UserDomain : 33
           [testviews.MyMessage : 22]

	at testviews.MyMessageSpec.test something(MyMessageSpec.groovy:42)
2014-08-20 23:16:23,677 [main] ERROR StackTrace  - Full Stack Trace:
Condition not satisfied:

UserDomain.findUnseenMessageForUser(u1).containsAll([m2,m3])
           |                        |   |            |  |
           |                        |   false        |  testviews.MyMessage : 22
           |                        |                testviews.MyMessage : 24
           |                        testviews.UserDomain : 33
           [testviews.MyMessage : 22]

	at testviews.MyMessageSpec.test something(MyMessageSpec.groovy:42)
2014-08-20 23:16:23,684 [main] ERROR StackTrace  - Full Stack Trace:
junit.framework.AssertionFailedError: Condition not satisfied:

UserDomain.findUnseenMessageForUser(u1).containsAll([m2,m3])
           |                        |   |            |  |
           |                        |   false        |  testviews.MyMessage : 22
           |                        |                testviews.MyMessage : 24
           |                        testviews.UserDomain : 33
           [testviews.MyMessage : 22]

	at testviews.MyMessageSpec.test something(MyMessageSpec.groovy:42)
2014-08-20 23:16:23,685 [main] ERROR StackTrace  - Full Stack Trace:
junit.framework.AssertionFailedError: Condition not satisfied:

UserDomain.findUnseenMessageForUser(u1).containsAll([m2,m3])
           |                        |   |            |  |
           |                        |   false        |  testviews.MyMessage : 22
           |                        |                testviews.MyMessage : 24
           |                        testviews.UserDomain : 33
           [testviews.MyMessage : 22]

	at testviews.MyMessageSpec.test something(MyMessageSpec.groovy:42)
2014-08-20 23:16:23,690 [main] ERROR StackTrace  - Full Stack Trace:
junit.framework.AssertionFailedError: Condition not satisfied:

UserDomain.findUnseenMessageForUser(u1).containsAll([m2,m3])
           |                        |   |            |  |
           |                        |   false        |  testviews.MyMessage : 22
           |                        |                testviews.MyMessage : 24
           |                        testviews.UserDomain : 33
           [testviews.MyMessage : 22]

	at testviews.MyMessageSpec.test something(MyMessageSpec.groovy:42)
2014-08-20 23:16:23,691 [main] ERROR StackTrace  - Full Stack Trace:
junit.framework.AssertionFailedError: Condition not satisfied:

UserDomain.findUnseenMessageForUser(u1).containsAll([m2,m3])
           |                        |   |            |  |
           |                        |   false        |  testviews.MyMessage : 22
           |                        |                testviews.MyMessage : 24
           |                        testviews.UserDomain : 33
           [testviews.MyMessage : 22]

	at testviews.MyMessageSpec.test something(MyMessageSpec.groovy:42)
2014-08-20 23:19:14,159 [main] ERROR StackTrace  - Full Stack Trace:
Condition not satisfied:

UserDomain.findUnseenMessageForUser(u1).containsAll([m2, m3])
           |                        |   |            |   |
           |                        |   false        |   testviews.MyMessage : 31
           |                        |                testviews.MyMessage : 33
           |                        testviews.UserDomain : 45
           [testviews.MyMessage : 31]

	at testviews.MyMessageSpec.test something 2 (MyMessageSpec.groovy:65)
2014-08-20 23:19:14,161 [main] ERROR StackTrace  - Full Stack Trace:
Condition not satisfied:

UserDomain.findUnseenMessageForUser(u1).containsAll([m2, m3])
           |                        |   |            |   |
           |                        |   false        |   testviews.MyMessage : 31
           |                        |                testviews.MyMessage : 33
           |                        testviews.UserDomain : 45
           [testviews.MyMessage : 31]

	at testviews.MyMessageSpec.test something 2 (MyMessageSpec.groovy:65)
2014-08-20 23:19:14,162 [main] ERROR StackTrace  - Full Stack Trace:
junit.framework.AssertionFailedError: Condition not satisfied:

UserDomain.findUnseenMessageForUser(u1).containsAll([m2, m3])
           |                        |   |            |   |
           |                        |   false        |   testviews.MyMessage : 31
           |                        |                testviews.MyMessage : 33
           |                        testviews.UserDomain : 45
           [testviews.MyMessage : 31]

	at testviews.MyMessageSpec.test something 2 (MyMessageSpec.groovy:65)
2014-08-20 23:19:14,163 [main] ERROR StackTrace  - Full Stack Trace:
junit.framework.AssertionFailedError: Condition not satisfied:

UserDomain.findUnseenMessageForUser(u1).containsAll([m2, m3])
           |                        |   |            |   |
           |                        |   false        |   testviews.MyMessage : 31
           |                        |                testviews.MyMessage : 33
           |                        testviews.UserDomain : 45
           [testviews.MyMessage : 31]

	at testviews.MyMessageSpec.test something 2 (MyMessageSpec.groovy:65)
2014-08-20 23:19:14,164 [main] ERROR StackTrace  - Full Stack Trace:
junit.framework.AssertionFailedError: Condition not satisfied:

UserDomain.findUnseenMessageForUser(u1).containsAll([m2, m3])
           |                        |   |            |   |
           |                        |   false        |   testviews.MyMessage : 31
           |                        |                testviews.MyMessage : 33
           |                        testviews.UserDomain : 45
           [testviews.MyMessage : 31]

	at testviews.MyMessageSpec.test something 2 (MyMessageSpec.groovy:65)
2014-08-20 23:19:14,165 [main] ERROR StackTrace  - Full Stack Trace:
junit.framework.AssertionFailedError: Condition not satisfied:

UserDomain.findUnseenMessageForUser(u1).containsAll([m2, m3])
           |                        |   |            |   |
           |                        |   false        |   testviews.MyMessage : 31
           |                        |                testviews.MyMessage : 33
           |                        testviews.UserDomain : 45
           [testviews.MyMessage : 31]

	at testviews.MyMessageSpec.test something 2 (MyMessageSpec.groovy:65)
